<?xml version="1.0" encoding="UTF-8"?>
<!-- Generated by org.testng.reporters.JUnitXMLReporter -->
<testsuite ignored="0" hostname="Sanjog" failures="0" tests="6" name="Test" time="30.483" errors="0" timestamp="08 Sep 2021 06:56:06 GMT">
  <testcase classname="com.seleniumtest.seleniumtest.bingdemotest" name="testJbkTitle" time="9.455"/>
  <testcase classname="com.seleniumtest.seleniumtest.amazondemotest" name="testJbkTitle" time="7.823"/>
  <testcase classname="com.seleniumtest.seleniumtest.amazondemotest" name="testJbkTitleInvalid" time="0.742"/>
  <testcase classname="com.seleniumtest.seleniumtest.amazondemotest" name="testJbkTitlesubmit" time="3.389"/>
  <testcase classname="com.seleniumtest.seleniumtest.amazondemotest" name="testJbkTitlecheck" time="0.172"/>
  <testcase classname="com.seleniumtest.seleniumtest.amazondemotest" name="testJbkTitlescroll" time="6.033"/>
</testsuite> <!-- Test -->
