<?xml version="1.0" encoding="UTF-8"?>
<testsuite xmlns:xsi="http://www.w3.org/2001/XMLSchema-instance" xsi:noNamespaceSchemaLocation="https://maven.apache.org/surefire/maven-surefire-plugin/xsd/surefire-test-report.xsd" name="TestSuite" time="31.646" tests="6" errors="0" skipped="0" failures="0">
  <properties>
[...]
</properties>
  <testcase name="testJbkTitle" classname="com.seleniumtest.seleniumtest.bingdemotest" time="9.452"/>
  <testcase name="testJbkTitle" classname="com.seleniumtest.seleniumtest.amazondemotest" time="7.82"/>
  <testcase name="testJbkTitleInvalid" classname="com.seleniumtest.seleniumtest.amazondemotest" time="0.743"/>
  <testcase name="testJbkTitlesubmit" classname="com.seleniumtest.seleniumtest.amazondemotest" time="3.388"/>
  <testcase name="testJbkTitlecheck" classname="com.seleniumtest.seleniumtest.amazondemotest" time="0.171"/>
  <testcase name="testJbkTitlescroll" classname="com.seleniumtest.seleniumtest.amazondemotest" time="6.032"/>
</testsuite>