<?xml version="1.0" encoding="UTF-8"?>
<testng-results ignored="0" total="6" passed="6" failed="0" skipped="0">
  <reporter-output>
  </reporter-output>
  <suite started-at="2021-09-08T06:55:35Z" name="Suite" finished-at="2021-09-08T06:56:06Z" duration-ms="30483">
    <groups>
    </groups>
    <test started-at="2021-09-08T06:55:35Z" name="Test" finished-at="2021-09-08T06:56:06Z" duration-ms="30483">
      <class name="com.seleniumtest.seleniumtest.amazondemotest">
        <test-method is-config="true" signature="beforeTest()[pri:0, instance:com.seleniumtest.seleniumtest.amazondemotest@7d3d101b]" started-at="2021-09-08T06:55:35Z" name="beforeTest" finished-at="2021-09-08T06:55:37Z" duration-ms="1426" status="PASS">
          <reporter-output>
          </reporter-output>
        </test-method> <!-- beforeTest -->
        <test-method is-config="true" signature="beforeTest()[pri:0, instance:com.seleniumtest.seleniumtest.bingdemotest@6cdba6dc]" started-at="2021-09-08T06:55:37Z" name="beforeTest" finished-at="2021-09-08T06:55:37Z" duration-ms="735" status="PASS">
          <reporter-output>
          </reporter-output>
        </test-method> <!-- beforeTest -->
        <test-method signature="testJbkTitle()[pri:0, instance:com.seleniumtest.seleniumtest.amazondemotest@7d3d101b]" started-at="2021-09-08T06:55:47Z" name="testJbkTitle" finished-at="2021-09-08T06:55:55Z" duration-ms="7823" status="PASS">
          <reporter-output>
          </reporter-output>
        </test-method> <!-- testJbkTitle -->
        <test-method signature="testJbkTitleInvalid()[pri:1, instance:com.seleniumtest.seleniumtest.amazondemotest@7d3d101b]" started-at="2021-09-08T06:55:55Z" name="testJbkTitleInvalid" finished-at="2021-09-08T06:55:55Z" duration-ms="742" status="PASS">
          <reporter-output>
          </reporter-output>
        </test-method> <!-- testJbkTitleInvalid -->
        <test-method signature="testJbkTitlesubmit()[pri:2, instance:com.seleniumtest.seleniumtest.amazondemotest@7d3d101b]" started-at="2021-09-08T06:55:55Z" name="testJbkTitlesubmit" finished-at="2021-09-08T06:55:59Z" duration-ms="3389" status="PASS">
          <reporter-output>
          </reporter-output>
        </test-method> <!-- testJbkTitlesubmit -->
        <test-method signature="testJbkTitlecheck()[pri:3, instance:com.seleniumtest.seleniumtest.amazondemotest@7d3d101b]" started-at="2021-09-08T06:55:59Z" name="testJbkTitlecheck" finished-at="2021-09-08T06:55:59Z" duration-ms="172" status="PASS">
          <reporter-output>
          </reporter-output>
        </test-method> <!-- testJbkTitlecheck -->
        <test-method signature="testJbkTitlescroll()[pri:3, instance:com.seleniumtest.seleniumtest.amazondemotest@7d3d101b]" started-at="2021-09-08T06:55:59Z" name="testJbkTitlescroll" finished-at="2021-09-08T06:56:05Z" duration-ms="6033" status="PASS">
          <reporter-output>
          </reporter-output>
        </test-method> <!-- testJbkTitlescroll -->
        <test-method is-config="true" signature="afterTest()[pri:0, instance:com.seleniumtest.seleniumtest.amazondemotest@7d3d101b]" started-at="2021-09-08T06:56:05Z" name="afterTest" finished-at="2021-09-08T06:56:05Z" duration-ms="391" status="PASS">
          <reporter-output>
          </reporter-output>
        </test-method> <!-- afterTest -->
        <test-method is-config="true" signature="afterTest()[pri:0, instance:com.seleniumtest.seleniumtest.bingdemotest@6cdba6dc]" started-at="2021-09-08T06:56:05Z" name="afterTest" finished-at="2021-09-08T06:56:06Z" duration-ms="286" status="PASS">
          <reporter-output>
          </reporter-output>
        </test-method> <!-- afterTest -->
      </class> <!-- com.seleniumtest.seleniumtest.amazondemotest -->
      <class name="com.seleniumtest.seleniumtest.bingdemotest">
        <test-method signature="testJbkTitle()[pri:0, instance:com.seleniumtest.seleniumtest.bingdemotest@6cdba6dc]" started-at="2021-09-08T06:55:37Z" name="testJbkTitle" finished-at="2021-09-08T06:55:47Z" duration-ms="9455" status="PASS">
          <reporter-output>
          </reporter-output>
        </test-method> <!-- testJbkTitle -->
      </class> <!-- com.seleniumtest.seleniumtest.bingdemotest -->
    </test> <!-- Test -->
  </suite> <!-- Suite -->
</testng-results>
